<?xml version="1.0" encoding="UTF-8"?>
<testng-results skipped="0" failed="0" ignored="0" total="1" passed="1">
  <reporter-output>
    <line>
      <![CDATA[hiii]]>
    </line>
  </reporter-output>
  <suite name="Suite" duration-ms="43" started-at="2019-07-21T06:57:03Z" finished-at="2019-07-21T06:57:03Z">
    <groups>
    </groups>
    <test name="Test" duration-ms="43" started-at="2019-07-21T06:57:03Z" finished-at="2019-07-21T06:57:03Z">
      <class name="Test.Demo">
        <test-method status="PASS" signature="test()[pri:0, instance:Test.Demo@2b98378d]" name="test" duration-ms="13" started-at="2019-07-21T06:57:03Z" finished-at="2019-07-21T06:57:03Z">
          <reporter-output>
            <line>
              <![CDATA[hiii]]>
            </line>
          </reporter-output>
        </test-method> <!-- test -->
      </class> <!-- Test.Demo -->
    </test> <!-- Test -->
  </suite> <!-- Suite -->
</testng-results>
